
> epiminded-web-path@0.1.0 start
> next start

  ▲ Next.js 14.2.35
  - Local:        http://localhost:3100

 ✓ Starting...
 ✓ Ready in 765ms
 ⨯ Error: Cannot find module './vendor-chunks/@swc.js'
Require stack:
- C:\Users\hp\Desktop\epiminded-web-path\.next\server\webpack-runtime.js
- C:\Users\hp\Desktop\epiminded-web-path\.next\server\pages\_document.js
- C:\Users\hp\Desktop\epiminded-web-path\node_modules\next\dist\server\require.js
- C:\Users\hp\Desktop\epiminded-web-path\node_modules\next\dist\server\next-server.js
- C:\Users\hp\Desktop\epiminded-web-path\node_modules\next\dist\server\next.js
- C:\Users\hp\Desktop\epiminded-web-path\node_modules\next\dist\server\lib\start-server.js
- C:\Users\hp\Desktop\epiminded-web-path\node_modules\next\dist\cli\next-start.js
    at Module.<anonymous> (node:internal/modules/cjs/loader:1410:15)
    at C:\Users\hp\Desktop\epiminded-web-path\node_modules\next\dist\server\require-hook.js:55:36
    at defaultResolveImpl (node:internal/modules/cjs/loader:1051:19)
    at resolveForCJSWithHooks (node:internal/modules/cjs/loader:1056:22)
    at Module._load (node:internal/modules/cjs/loader:1219:37)
    at TracingChannel.traceSync (node:diagnostics_channel:322:14)
    at wrapModuleLoad (node:internal/modules/cjs/loader:238:24)
    at Module.<anonymous> (node:internal/modules/cjs/loader:1493:12)
    at mod.require (C:\Users\hp\Desktop\epiminded-web-path\node_modules\next\dist\server\require-hook.js:65:28)
    at require (node:internal/modules/helpers:152:16) {
  code: 'MODULE_NOT_FOUND',
  requireStack: [
    'C:\\Users\\hp\\Desktop\\epiminded-web-path\\.next\\server\\webpack-runtime.js',
    'C:\\Users\\hp\\Desktop\\epiminded-web-path\\.next\\server\\pages\\_document.js',
    'C:\\Users\\hp\\Desktop\\epiminded-web-path\\node_modules\\next\\dist\\server\\require.js',
    'C:\\Users\\hp\\Desktop\\epiminded-web-path\\node_modules\\next\\dist\\server\\next-server.js',
    'C:\\Users\\hp\\Desktop\\epiminded-web-path\\node_modules\\next\\dist\\server\\next.js',
    'C:\\Users\\hp\\Desktop\\epiminded-web-path\\node_modules\\next\\dist\\server\\lib\\start-server.js',
    'C:\\Users\\hp\\Desktop\\epiminded-web-path\\node_modules\\next\\dist\\cli\\next-start.js'
  ]
}
